<?xml version="1.0" encoding="utf-8"?><testsuites><testsuite name="pytest" errors="0" failures="0" skipped="0" tests="9" time="0.248" timestamp="2022-05-17T17:30:28.803821" hostname="344-D-00087208"><testcase classname="tests.test_order" name="test_get_total_price_in_cents[1500-2]" time="0.006" /><testcase classname="tests.test_order" name="test_get_total_price_in_cents[1100-1]" time="0.001" /><testcase classname="tests.test_order" name="test_get_total_price_in_cents[4000-10]" time="0.001" /><testcase classname="tests.test_restaurant" name="test_number_of_orders_when_there_is_no_order_then_should_return_0" time="0.001" /><testcase classname="tests.test_restaurant" name="test_number_of_orders_when_there_is_only_one_order_then_should_return_1" time="0.001" /><testcase classname="tests.test_restaurant" name="test_number_of_orders_when_there_are_many_orders_of_single_dish" time="0.001" /><testcase classname="tests.test_restaurant" name="test_number_of_orders_when_there_are_many_orders_of_many_dishes" time="0.000" /><testcase classname="tests.test_restaurant" name="test_get_first_order_from_order_queue_when_there_is_no_order_then_should_raise_NoOrderYetError" time="0.001" /><testcase classname="tests.test_restaurant" name="test_push_order_to_order_queue_when_restaurant_is_closed_then_should_raise_RestaurantIsClosedError" time="0.001" /></testsuite></testsuites>